# JRE version: OpenJDK Runtime Environment (8.0_242-b01) (build 1.8.0_242-release-1644-b01)
# Java VM: OpenJDK 64-Bit Server VM (25.242-b01 mixed mode windows-amd64 compressed oops)
Heap:
 PSYoungGen      total 81920K, used 1460K [0x00000000d5580000, 0x00000000dad80000, 0x0000000100000000)
  eden space 75264K, 0% used [0x00000000d5580000,0x00000000d5580000,0x00000000d9f00000)
  from space 6656K, 21% used [0x00000000da600000,0x00000000da76d078,0x00000000dac80000)
  to   space 7168K, 0% used [0x00000000d9f00000,0x00000000d9f00000,0x00000000da600000)
 ParOldGen       total 31744K, used 15785K [0x0000000080000000, 0x0000000081f00000, 0x00000000d5580000)
  object space 31744K, 49% used [0x0000000080000000,0x0000000080f6a790,0x0000000081f00000)
 Metaspace       used 34305K, capacity 35412K, committed 35496K, reserved 1079296K
  class space    used 4714K, capacity 5001K, committed 5040K, reserved 1048576K
GC Heap History (10 events):
Event: 29.525 GC heap after
Heap after GC invocations=13 (full 1):
 PSYoungGen      total 44544K, used 0K [0x00000000d5580000, 0x00000000d8600000, 0x0000000100000000)
  eden space 39424K, 0% used [0x00000000d5580000,0x00000000d5580000,0x00000000d7c00000)
  from space 5120K, 0% used [0x00000000d8100000,0x00000000d8100000,0x00000000d8600000)
  to   space 5120K, 0% used [0x00000000d7c00000,0x00000000d7c00000,0x00000000d8100000)
 ParOldGen       total 31744K, used 8284K [0x0000000080000000, 0x0000000081f00000, 0x00000000d5580000)
  object space 31744K, 26% used [0x0000000080000000,0x0000000080817150,0x0000000081f00000)
 Metaspace       used 20607K, capacity 21224K, committed 21296K, reserved 1067008K
  class space    used 2873K, capacity 3076K, committed 3120K, reserved 1048576K
}
Event: 32.734 GC heap before
{Heap before GC invocations=14 (full 1):
 PSYoungGen      total 44544K, used 39424K [0x00000000d5580000, 0x00000000d8600000, 0x0000000100000000)
  eden space 39424K, 100% used [0x00000000d5580000,0x00000000d7c00000,0x00000000d7c00000)
  from space 5120K, 0% used [0x00000000d8100000,0x00000000d8100000,0x00000000d8600000)
  to   space 5120K, 0% used [0x00000000d7c00000,0x00000000d7c00000,0x00000000d8100000)
 ParOldGen       total 31744K, used 8284K [0x0000000080000000, 0x0000000081f00000, 0x00000000d5580000)
  object space 31744K, 26% used [0x0000000080000000,0x0000000080817150,0x0000000081f00000)
 Metaspace       used 23602K, capacity 24384K, committed 24624K, reserved 1071104K
  class space    used 3349K, capacity 3578K, committed 3632K, reserved 1048576K
Event: 32.742 GC heap after
Heap after GC invocations=14 (full 1):
 PSYoungGen      total 44544K, used 3737K [0x00000000d5580000, 0x00000000d9600000, 0x0000000100000000)
  eden space 39424K, 0% used [0x00000000d5580000,0x00000000d5580000,0x00000000d7c00000)
  from space 5120K, 72% used [0x00000000d7c00000,0x00000000d7fa6500,0x00000000d8100000)
  to   space 5120K, 0% used [0x00000000d9100000,0x00000000d9100000,0x00000000d9600000)
 ParOldGen       total 31744K, used 8292K [0x0000000080000000, 0x0000000081f00000, 0x00000000d5580000)
  object space 31744K, 26% used [0x0000000080000000,0x0000000080819150,0x0000000081f00000)
 Metaspace       used 23602K, capacity 24384K, committed 24624K, reserved 1071104K
  class space    used 3349K, capacity 3578K, committed 3632K, reserved 1048576K
}
Event: 36.892 GC heap before
{Heap before GC invocations=15 (full 1):
 PSYoungGen      total 44544K, used 43161K [0x00000000d5580000, 0x00000000d9600000, 0x0000000100000000)
  eden space 39424K, 100% used [0x00000000d5580000,0x00000000d7c00000,0x00000000d7c00000)
  from space 5120K, 72% used [0x00000000d7c00000,0x00000000d7fa6500,0x00000000d8100000)
  to   space 5120K, 0% used [0x00000000d9100000,0x00000000d9100000,0x00000000d9600000)
 ParOldGen       total 31744K, used 8292K [0x0000000080000000, 0x0000000081f00000, 0x00000000d5580000)
  object space 31744K, 26% used [0x0000000080000000,0x0000000080819150,0x0000000081f00000)
 Metaspace       used 30382K, capacity 31260K, committed 31536K, reserved 1077248K
  class space    used 4084K, capacity 4335K, committed 4400K, reserved 1048576K
Event: 36.916 GC heap after
Heap after GC invocations=15 (full 1):
 PSYoungGen      total 59392K, used 5111K [0x00000000d5580000, 0x00000000d9880000, 0x0000000100000000)
  eden space 54272K, 0% used [0x00000000d5580000,0x00000000d5580000,0x00000000d8a80000)
  from space 5120K, 99% used [0x00000000d9100000,0x00000000d95fdc50,0x00000000d9600000)
  to   space 6656K, 0% used [0x00000000d8a80000,0x00000000d8a80000,0x00000000d9100000)
 ParOldGen       total 31744K, used 10376K [0x0000000080000000, 0x0000000081f00000, 0x00000000d5580000)
  object space 31744K, 32% used [0x0000000080000000,0x0000000080a222e0,0x0000000081f00000)
 Metaspace       used 30382K, capacity 31260K, committed 31536K, reserved 1077248K
  class space    used 4084K, capacity 4335K, committed 4400K, reserved 1048576K
}
Event: 41.012 GC heap before
{Heap before GC invocations=16 (full 1):
 PSYoungGen      total 59392K, used 59383K [0x00000000d5580000, 0x00000000d9880000, 0x0000000100000000)
  eden space 54272K, 100% used [0x00000000d5580000,0x00000000d8a80000,0x00000000d8a80000)
  from space 5120K, 99% used [0x00000000d9100000,0x00000000d95fdc50,0x00000000d9600000)
  to   space 6656K, 0% used [0x00000000d8a80000,0x00000000d8a80000,0x00000000d9100000)
 ParOldGen       total 31744K, used 10376K [0x0000000080000000, 0x0000000081f00000, 0x00000000d5580000)
  object space 31744K, 32% used [0x0000000080000000,0x0000000080a222e0,0x0000000081f00000)
 Metaspace       used 33342K, capacity 34482K, committed 34608K, reserved 1079296K
  class space    used 4558K, capacity 4826K, committed 4912K, reserved 1048576K
Event: 41.053 GC heap after
Heap after GC invocations=16 (full 1):
 PSYoungGen      total 60928K, used 4811K [0x00000000d5580000, 0x00000000dac80000, 0x0000000100000000)
  eden space 54272K, 0% used [0x00000000d5580000,0x00000000d5580000,0x00000000d8a80000)
  from space 6656K, 72% used [0x00000000d8a80000,0x00000000d8f32fc0,0x00000000d9100000)
  to   space 6656K, 0% used [0x00000000da600000,0x00000000da600000,0x00000000dac80000)
 ParOldGen       total 31744K, used 13649K [0x0000000080000000, 0x0000000081f00000, 0x00000000d5580000)
  object space 31744K, 42% used [0x0000000080000000,0x0000000080d54760,0x0000000081f00000)
 Metaspace       used 33342K, capacity 34482K, committed 34608K, reserved 1079296K
  class space    used 4558K, capacity 4826K, committed 4912K, reserved 1048576K
}
Event: 42.575 GC heap before
{Heap before GC invocations=17 (full 1):
 PSYoungGen      total 60928K, used 25792K [0x00000000d5580000, 0x00000000dac80000, 0x0000000100000000)
  eden space 54272K, 38% used [0x00000000d5580000,0x00000000d69fd308,0x00000000d8a80000)
  from space 6656K, 72% used [0x00000000d8a80000,0x00000000d8f32fc0,0x00000000d9100000)
  to   space 6656K, 0% used [0x00000000da600000,0x00000000da600000,0x00000000dac80000)
 ParOldGen       total 31744K, used 13649K [0x0000000080000000, 0x0000000081f00000, 0x00000000d5580000)
  object space 31744K, 42% used [0x0000000080000000,0x0000000080d54760,0x0000000081f00000)
 Metaspace       used 34305K, capacity 35412K, committed 35496K, reserved 1079296K
  class space    used 4714K, capacity 5001K, committed 5040K, reserved 1048576K
Event: 42.588 GC heap after
Heap after GC invocations=17 (full 1):
 PSYoungGen      total 81920K, used 1460K [0x00000000d5580000, 0x00000000dad80000, 0x0000000100000000)
  eden space 75264K, 0% used [0x00000000d5580000,0x00000000d5580000,0x00000000d9f00000)
  from space 6656K, 21% used [0x00000000da600000,0x00000000da76d078,0x00000000dac80000)
  to   space 7168K, 0% used [0x00000000d9f00000,0x00000000d9f00000,0x00000000da600000)
 ParOldGen       total 31744K, used 15785K [0x0000000080000000, 0x0000000081f00000, 0x00000000d5580000)
  object space 31744K, 49% used [0x0000000080000000,0x0000000080f6a790,0x0000000081f00000)
 Metaspace       used 34305K, capacity 35412K, committed 35496K, reserved 1079296K
  class space    used 4714K, capacity 5001K, committed 5040K, reserved 1048576K
}
Event: 42.588 GC heap before
{Heap before GC invocations=18 (full 2):
 PSYoungGen      total 81920K, used 1460K [0x00000000d5580000, 0x00000000dad80000, 0x0000000100000000)
  eden space 75264K, 0% used [0x00000000d5580000,0x00000000d5580000,0x00000000d9f00000)
  from space 6656K, 21% used [0x00000000da600000,0x00000000da76d078,0x00000000dac80000)
  to   space 7168K, 0% used [0x00000000d9f00000,0x00000000d9f00000,0x00000000da600000)
 ParOldGen       total 31744K, used 15785K [0x0000000080000000, 0x0000000081f00000, 0x00000000d5580000)
  object space 31744K, 49% used [0x0000000080000000,0x0000000080f6a790,0x0000000081f00000)
 Metaspace       used 34305K, capacity 35412K, committed 35496K, reserved 1079296K
  class space    used 4714K, capacity 5001K, committed 5040K, reserved 1048576K

